SF:lib\models\favorites.dart
DA:7,2
DA:9,1
DA:10,2
DA:11,1
DA:14,0
DA:15,0
DA:16,0
LF:7
LH:4
end_of_record
SF:lib\screens\home.dart
DA:9,1
DA:11,1
DA:12,1
DA:13,1
DA:14,1
DA:15,1
DA:17,0
DA:18,0
DA:20,1
DA:21,1
DA:25,1
DA:28,2
DA:37,1
DA:41,1
DA:43,1
DA:45,1
DA:47,1
DA:48,1
DA:49,4
DA:51,1
DA:52,2
DA:53,3
DA:55,1
DA:56,3
DA:57,3
DA:58,1
DA:59,1
DA:60,1
DA:61,3
DA:62,2
DA:63,0
DA:64,2
DA:65,1
DA:66,4
DA:69,1
LF:35
LH:32
end_of_record
SF:lib\screens\favorites.dart
DA:8,0
DA:10,0
DA:11,0
DA:12,0
DA:14,0
DA:15,0
DA:16,0
DA:18,0
DA:28,0
DA:32,0
DA:34,0
DA:36,0
DA:37,0
DA:38,0
DA:40,0
DA:41,0
DA:42,0
DA:44,0
DA:45,0
DA:46,0
DA:47,0
DA:48,0
DA:49,0
DA:50,0
DA:51,0
DA:52,0
LF:26
LH:0
end_of_record
